[0m22:37:36.346173 [debug] [MainThread]: Sending event: {'category': 'dbt', 'action': 'invocation', 'label': 'start', 'context': [<snowplow_tracker.self_describing_json.SelfDescribingJson object at 0x708d20029940>, <snowplow_tracker.self_describing_json.SelfDescribingJson object at 0x708d207ce900>, <snowplow_tracker.self_describing_json.SelfDescribingJson object at 0x708d2000e7b0>]}


============================== 22:37:36.352739 | 66c6c8fb-38d4-499c-9e83-1112f98750a6 ==============================
[0m22:37:36.352739 [info ] [MainThread]: Running with dbt=1.9.1
[0m22:37:36.353822 [debug] [MainThread]: running dbt with arguments {'printer_width': '80', 'indirect_selection': 'eager', 'write_json': 'True', 'log_cache_events': 'False', 'partial_parse': 'True', 'cache_selected_only': 'False', 'warn_error': 'None', 'fail_fast': 'False', 'version_check': 'True', 'log_path': 'logs', 'debug': 'False', 'profiles_dir': '/home/melvin-sarabia/.dbt', 'use_colors': 'True', 'use_experimental_parser': 'False', 'empty': 'None', 'quiet': 'False', 'no_print': 'None', 'warn_error_options': 'WarnErrorOptions(include=[], exclude=[])', 'introspect': 'True', 'static_parser': 'True', 'invocation_command': 'dbt init', 'target_path': 'None', 'log_format': 'default', 'send_anonymous_usage_stats': 'True'}
[0m22:37:36.369111 [warn ] [MainThread]: [ConfigFolderDirectory]: Unable to parse logging event dictionary. Failed to parse dir field: expected string or bytes-like object, got 'PosixPath'.. Dictionary: {'dir': PosixPath('/home/melvin-sarabia/.dbt')}
[0m22:37:36.370028 [info ] [MainThread]: Creating dbt configuration folder at 
[0m22:38:04.403388 [debug] [MainThread]: Starter project path: /home/melvin-sarabia/Downloads/Arzion/Playground/dbt-snow-flow/.venv/lib/python3.12/site-packages/dbt/include/starter_project
[0m22:38:04.407876 [info ] [MainThread]: 
Your new dbt project "dbt_snow_flow" was created!

For more information on how to configure the profiles.yml file,
please consult the dbt documentation here:

  https://docs.getdbt.com/docs/configure-your-profile

One more thing:

Need help? Don't hesitate to reach out to us via GitHub issues or on Slack:

  https://community.getdbt.com/

Happy modeling!

[0m22:38:04.408984 [info ] [MainThread]: Setting up your profile.
[0m22:41:23.361570 [info ] [MainThread]: Profile dbt_snow_flow written to /home/melvin-sarabia/.dbt/profiles.yml using target's profile_template.yml and your supplied values. Run 'dbt debug' to validate the connection.
[0m22:41:23.373422 [debug] [MainThread]: Resource report: {"command_name": "init", "command_success": true, "command_wall_clock_time": 227.20418, "process_in_blocks": "40", "process_kernel_time": 0.222725, "process_mem_max_rss": "105796", "process_out_blocks": "88", "process_user_time": 2.547859}
[0m22:41:23.374965 [debug] [MainThread]: Command `dbt init` succeeded at 22:41:23.374678 after 227.21 seconds
[0m22:41:23.375910 [debug] [MainThread]: Sending event: {'category': 'dbt', 'action': 'invocation', 'label': 'end', 'context': [<snowplow_tracker.self_describing_json.SelfDescribingJson object at 0x708d205907a0>, <snowplow_tracker.self_describing_json.SelfDescribingJson object at 0x708d1e9f1070>, <snowplow_tracker.self_describing_json.SelfDescribingJson object at 0x708d1fb75eb0>]}
[0m22:41:23.376929 [debug] [MainThread]: Flushing usage events
[0m22:41:24.869062 [debug] [MainThread]: An error was encountered while trying to flush usage events
[0m22:41:34.898160 [debug] [MainThread]: Sending event: {'category': 'dbt', 'action': 'invocation', 'label': 'start', 'context': [<snowplow_tracker.self_describing_json.SelfDescribingJson object at 0x719bc35595b0>, <snowplow_tracker.self_describing_json.SelfDescribingJson object at 0x719bc2a7fda0>, <snowplow_tracker.self_describing_json.SelfDescribingJson object at 0x719bc2ac2360>]}


============================== 22:41:34.904811 | 3bf7681e-b083-4e80-8853-9cd75503611d ==============================
[0m22:41:34.904811 [info ] [MainThread]: Running with dbt=1.9.1
[0m22:41:34.906138 [debug] [MainThread]: running dbt with arguments {'printer_width': '80', 'indirect_selection': 'eager', 'log_cache_events': 'False', 'write_json': 'True', 'partial_parse': 'True', 'cache_selected_only': 'False', 'warn_error': 'None', 'version_check': 'True', 'fail_fast': 'False', 'log_path': 'logs', 'debug': 'False', 'profiles_dir': '/home/melvin-sarabia/.dbt', 'use_colors': 'True', 'use_experimental_parser': 'False', 'no_print': 'None', 'quiet': 'False', 'empty': 'None', 'warn_error_options': 'WarnErrorOptions(include=[], exclude=[])', 'invocation_command': 'dbt debug', 'introspect': 'True', 'static_parser': 'True', 'target_path': 'None', 'log_format': 'default', 'send_anonymous_usage_stats': 'True'}
[0m22:41:34.922041 [info ] [MainThread]: dbt version: 1.9.1
[0m22:41:34.922936 [info ] [MainThread]: python version: 3.12.3
[0m22:41:34.923679 [info ] [MainThread]: python path: /home/melvin-sarabia/Downloads/Arzion/Playground/dbt-snow-flow/.venv/bin/python3
[0m22:41:34.924435 [info ] [MainThread]: os info: Linux-6.8.0-51-generic-x86_64-with-glibc2.39
[0m22:41:35.277151 [info ] [MainThread]: Using profiles dir at /home/melvin-sarabia/.dbt
[0m22:41:35.278057 [info ] [MainThread]: Using profiles.yml file at /home/melvin-sarabia/.dbt/profiles.yml
[0m22:41:35.278653 [info ] [MainThread]: Using dbt_project.yml file at /home/melvin-sarabia/Downloads/Arzion/Playground/dbt-snow-flow/dbt_project.yml
[0m22:41:35.279465 [info ] [MainThread]: adapter type: snowflake
[0m22:41:35.280083 [info ] [MainThread]: adapter version: 1.9.0
[0m22:41:35.280688 [info ] [MainThread]: Configuration:
[0m22:41:35.281292 [info ] [MainThread]:   profiles.yml file [[32mOK found and valid[0m]
[0m22:41:35.281855 [info ] [MainThread]:   dbt_project.yml file [[31mERROR not found[0m]
[0m22:41:35.282384 [info ] [MainThread]: Required dependencies:
[0m22:41:35.283025 [debug] [MainThread]: Executing "git --help"
[0m22:41:35.292089 [debug] [MainThread]: STDOUT: "b"usage: git [-v | --version] [-h | --help] [-C <path>] [-c <name>=<value>]\n           [--exec-path[=<path>]] [--html-path] [--man-path] [--info-path]\n           [-p | --paginate | -P | --no-pager] [--no-replace-objects] [--bare]\n           [--git-dir=<path>] [--work-tree=<path>] [--namespace=<name>]\n           [--config-env=<name>=<envvar>] <command> [<args>]\n\nThese are common Git commands used in various situations:\n\nstart a working area (see also: git help tutorial)\n   clone     Clone a repository into a new directory\n   init      Create an empty Git repository or reinitialize an existing one\n\nwork on the current change (see also: git help everyday)\n   add       Add file contents to the index\n   mv        Move or rename a file, a directory, or a symlink\n   restore   Restore working tree files\n   rm        Remove files from the working tree and from the index\n\nexamine the history and state (see also: git help revisions)\n   bisect    Use binary search to find the commit that introduced a bug\n   diff      Show changes between commits, commit and working tree, etc\n   grep      Print lines matching a pattern\n   log       Show commit logs\n   show      Show various types of objects\n   status    Show the working tree status\n\ngrow, mark and tweak your common history\n   branch    List, create, or delete branches\n   commit    Record changes to the repository\n   merge     Join two or more development histories together\n   rebase    Reapply commits on top of another base tip\n   reset     Reset current HEAD to the specified state\n   switch    Switch branches\n   tag       Create, list, delete or verify a tag object signed with GPG\n\ncollaborate (see also: git help workflows)\n   fetch     Download objects and refs from another repository\n   pull      Fetch from and integrate with another repository or a local branch\n   push      Update remote refs along with associated objects\n\n'git help -a' and 'git help -g' list available subcommands and some\nconcept guides. See 'git help <command>' or 'git help <concept>'\nto read about a specific subcommand or concept.\nSee 'git help git' for an overview of the system.\n""
[0m22:41:35.293090 [debug] [MainThread]: STDERR: "b''"
[0m22:41:35.293681 [info ] [MainThread]:  - git [[32mOK found[0m]

[0m22:41:35.294327 [info ] [MainThread]: Connection:
[0m22:41:35.294895 [info ] [MainThread]:   account: sd
[0m22:41:35.295411 [info ] [MainThread]:   user: arzion032
[0m22:41:35.295942 [info ] [MainThread]:   database: dbt_db
[0m22:41:35.296439 [info ] [MainThread]:   warehouse: dbt_wh
[0m22:41:35.296935 [info ] [MainThread]:   role: dbt_role
[0m22:41:35.297431 [info ] [MainThread]:   schema: db_schema
[0m22:41:35.297963 [info ] [MainThread]:   authenticator: None
[0m22:41:35.298451 [info ] [MainThread]:   oauth_client_id: None
[0m22:41:35.298953 [info ] [MainThread]:   query_tag: None
[0m22:41:35.299441 [info ] [MainThread]:   client_session_keep_alive: False
[0m22:41:35.299938 [info ] [MainThread]:   host: None
[0m22:41:35.300424 [info ] [MainThread]:   port: None
[0m22:41:35.300885 [info ] [MainThread]:   proxy_host: None
[0m22:41:35.301328 [info ] [MainThread]:   proxy_port: None
[0m22:41:35.301817 [info ] [MainThread]:   protocol: None
[0m22:41:35.302306 [info ] [MainThread]:   connect_retries: 1
[0m22:41:35.302866 [info ] [MainThread]:   connect_timeout: None
[0m22:41:35.303343 [info ] [MainThread]:   retry_on_database_errors: False
[0m22:41:35.303902 [info ] [MainThread]:   retry_all: False
[0m22:41:35.304383 [info ] [MainThread]:   insecure_mode: False
[0m22:41:35.304930 [info ] [MainThread]:   reuse_connections: True
[0m22:41:35.305709 [info ] [MainThread]: Registered adapter: snowflake=1.9.0
[0m22:41:35.442887 [debug] [MainThread]: Acquiring new snowflake connection 'debug'
[0m22:41:35.480590 [debug] [MainThread]: Using snowflake connection "debug"
[0m22:41:35.481872 [debug] [MainThread]: On debug: select 1 as id
[0m22:41:35.483009 [debug] [MainThread]: Opening a new connection, currently in state init
[0m22:41:37.177346 [debug] [MainThread]: Snowflake adapter: Error running SQL: select 1 as id
[0m22:41:37.178316 [debug] [MainThread]: Snowflake adapter: Rolling back transaction.
[0m22:41:37.179185 [info ] [MainThread]:   Connection test: [[31mERROR[0m]

[0m22:41:37.180091 [info ] [MainThread]: [31m2 checks failed:[0m
[0m22:41:37.180826 [info ] [MainThread]: Project loading failed for the following reason:
 project path </home/melvin-sarabia/Downloads/Arzion/Playground/dbt-snow-flow/dbt_project.yml> not found

[0m22:41:37.181539 [info ] [MainThread]: dbt was unable to connect to the specified database.
The database returned the following error:

  >Database Error
  250003 (08001): 404 Not Found: post https://sd.snowflakecomputing.com:443/session/v1/login-request?request_id=f3a61c3b-f32c-4217-8bb3-a51dad67dfe6&databaseName=dbt_db&schemaName=db_schema&warehouse=dbt_wh&roleName=dbt_role&request_guid=80933d7f-f247-4ab6-ba6c-67073f37dbc8

Check your database credentials and try again. For more information, visit:
https://docs.getdbt.com/docs/configure-your-profile


[0m22:41:37.183432 [debug] [MainThread]: Resource report: {"command_name": "debug", "command_success": false, "command_wall_clock_time": 2.4534864, "process_in_blocks": "64", "process_kernel_time": 0.251619, "process_mem_max_rss": "120308", "process_out_blocks": "1136", "process_user_time": 3.074345}
[0m22:41:37.184859 [debug] [MainThread]: Command `dbt debug` failed at 22:41:37.184603 after 2.46 seconds
[0m22:41:37.185704 [debug] [MainThread]: Connection 'debug' was left open.
[0m22:41:37.186430 [debug] [MainThread]: On debug: No close available on handle
[0m22:41:37.187229 [debug] [MainThread]: Sending event: {'category': 'dbt', 'action': 'invocation', 'label': 'end', 'context': [<snowplow_tracker.self_describing_json.SelfDescribingJson object at 0x719bc2a7fda0>, <snowplow_tracker.self_describing_json.SelfDescribingJson object at 0x719bc1a23c20>, <snowplow_tracker.self_describing_json.SelfDescribingJson object at 0x719bc19d1af0>]}
[0m22:41:37.188253 [debug] [MainThread]: Flushing usage events
[0m22:41:38.387926 [debug] [MainThread]: An error was encountered while trying to flush usage events
[0m22:47:16.702371 [debug] [MainThread]: Sending event: {'category': 'dbt', 'action': 'invocation', 'label': 'start', 'context': [<snowplow_tracker.self_describing_json.SelfDescribingJson object at 0x73451b723080>, <snowplow_tracker.self_describing_json.SelfDescribingJson object at 0x73451a1e1e20>, <snowplow_tracker.self_describing_json.SelfDescribingJson object at 0x734519885160>]}


============================== 22:47:16.708823 | 0b998279-0780-47e5-9cf1-ee24a2fd83cc ==============================
[0m22:47:16.708823 [info ] [MainThread]: Running with dbt=1.9.1
[0m22:47:16.709906 [debug] [MainThread]: running dbt with arguments {'printer_width': '80', 'indirect_selection': 'eager', 'log_cache_events': 'False', 'write_json': 'True', 'partial_parse': 'True', 'cache_selected_only': 'False', 'profiles_dir': '/home/melvin-sarabia/.dbt', 'version_check': 'True', 'fail_fast': 'False', 'log_path': 'logs', 'debug': 'False', 'warn_error': 'None', 'use_colors': 'True', 'use_experimental_parser': 'False', 'empty': 'None', 'quiet': 'False', 'no_print': 'None', 'warn_error_options': 'WarnErrorOptions(include=[], exclude=[])', 'invocation_command': 'dbt debug', 'log_format': 'default', 'introspect': 'True', 'target_path': 'None', 'static_parser': 'True', 'send_anonymous_usage_stats': 'True'}
[0m22:47:16.726187 [info ] [MainThread]: dbt version: 1.9.1
[0m22:47:16.727028 [info ] [MainThread]: python version: 3.12.3
[0m22:47:16.727688 [info ] [MainThread]: python path: /home/melvin-sarabia/Downloads/Arzion/Playground/dbt-snow-flow/.venv/bin/python3
[0m22:47:16.728364 [info ] [MainThread]: os info: Linux-6.8.0-51-generic-x86_64-with-glibc2.39
[0m22:47:17.064960 [info ] [MainThread]: Using profiles dir at /home/melvin-sarabia/.dbt
[0m22:47:17.065938 [info ] [MainThread]: Using profiles.yml file at /home/melvin-sarabia/.dbt/profiles.yml
[0m22:47:17.066532 [info ] [MainThread]: Using dbt_project.yml file at /home/melvin-sarabia/Downloads/Arzion/Playground/dbt-snow-flow/dbt_project.yml
[0m22:47:17.067400 [info ] [MainThread]: adapter type: snowflake
[0m22:47:17.068135 [info ] [MainThread]: adapter version: 1.9.0
[0m22:47:17.068780 [info ] [MainThread]: Configuration:
[0m22:47:17.069316 [info ] [MainThread]:   profiles.yml file [[32mOK found and valid[0m]
[0m22:47:17.069905 [info ] [MainThread]:   dbt_project.yml file [[31mERROR not found[0m]
[0m22:47:17.070457 [info ] [MainThread]: Required dependencies:
[0m22:47:17.071068 [debug] [MainThread]: Executing "git --help"
[0m22:47:17.074445 [debug] [MainThread]: STDOUT: "b"usage: git [-v | --version] [-h | --help] [-C <path>] [-c <name>=<value>]\n           [--exec-path[=<path>]] [--html-path] [--man-path] [--info-path]\n           [-p | --paginate | -P | --no-pager] [--no-replace-objects] [--bare]\n           [--git-dir=<path>] [--work-tree=<path>] [--namespace=<name>]\n           [--config-env=<name>=<envvar>] <command> [<args>]\n\nThese are common Git commands used in various situations:\n\nstart a working area (see also: git help tutorial)\n   clone     Clone a repository into a new directory\n   init      Create an empty Git repository or reinitialize an existing one\n\nwork on the current change (see also: git help everyday)\n   add       Add file contents to the index\n   mv        Move or rename a file, a directory, or a symlink\n   restore   Restore working tree files\n   rm        Remove files from the working tree and from the index\n\nexamine the history and state (see also: git help revisions)\n   bisect    Use binary search to find the commit that introduced a bug\n   diff      Show changes between commits, commit and working tree, etc\n   grep      Print lines matching a pattern\n   log       Show commit logs\n   show      Show various types of objects\n   status    Show the working tree status\n\ngrow, mark and tweak your common history\n   branch    List, create, or delete branches\n   commit    Record changes to the repository\n   merge     Join two or more development histories together\n   rebase    Reapply commits on top of another base tip\n   reset     Reset current HEAD to the specified state\n   switch    Switch branches\n   tag       Create, list, delete or verify a tag object signed with GPG\n\ncollaborate (see also: git help workflows)\n   fetch     Download objects and refs from another repository\n   pull      Fetch from and integrate with another repository or a local branch\n   push      Update remote refs along with associated objects\n\n'git help -a' and 'git help -g' list available subcommands and some\nconcept guides. See 'git help <command>' or 'git help <concept>'\nto read about a specific subcommand or concept.\nSee 'git help git' for an overview of the system.\n""
[0m22:47:17.075295 [debug] [MainThread]: STDERR: "b''"
[0m22:47:17.075934 [info ] [MainThread]:  - git [[32mOK found[0m]

[0m22:47:17.076576 [info ] [MainThread]: Connection:
[0m22:47:17.077144 [info ] [MainThread]:   account: ge72088
[0m22:47:17.077656 [info ] [MainThread]:   user: arzion032
[0m22:47:17.078164 [info ] [MainThread]:   database: dbt_db
[0m22:47:17.078644 [info ] [MainThread]:   warehouse: dbt_wh
[0m22:47:17.079134 [info ] [MainThread]:   role: dbt_role
[0m22:47:17.079603 [info ] [MainThread]:   schema: db_schema
[0m22:47:17.080079 [info ] [MainThread]:   authenticator: None
[0m22:47:17.080533 [info ] [MainThread]:   oauth_client_id: None
[0m22:47:17.081027 [info ] [MainThread]:   query_tag: None
[0m22:47:17.081502 [info ] [MainThread]:   client_session_keep_alive: False
[0m22:47:17.082011 [info ] [MainThread]:   host: None
[0m22:47:17.082527 [info ] [MainThread]:   port: None
[0m22:47:17.083017 [info ] [MainThread]:   proxy_host: None
[0m22:47:17.083514 [info ] [MainThread]:   proxy_port: None
[0m22:47:17.083998 [info ] [MainThread]:   protocol: None
[0m22:47:17.084481 [info ] [MainThread]:   connect_retries: 1
[0m22:47:17.084978 [info ] [MainThread]:   connect_timeout: None
[0m22:47:17.085462 [info ] [MainThread]:   retry_on_database_errors: False
[0m22:47:17.085930 [info ] [MainThread]:   retry_all: False
[0m22:47:17.086372 [info ] [MainThread]:   insecure_mode: False
[0m22:47:17.086879 [info ] [MainThread]:   reuse_connections: True
[0m22:47:17.087581 [info ] [MainThread]: Registered adapter: snowflake=1.9.0
[0m22:47:17.221518 [debug] [MainThread]: Acquiring new snowflake connection 'debug'
[0m22:47:17.256853 [debug] [MainThread]: Using snowflake connection "debug"
[0m22:47:17.257542 [debug] [MainThread]: On debug: select 1 as id
[0m22:47:17.258104 [debug] [MainThread]: Opening a new connection, currently in state init
[0m22:47:18.462356 [debug] [MainThread]: Snowflake adapter: Error running SQL: select 1 as id
[0m22:47:18.463569 [debug] [MainThread]: Snowflake adapter: Rolling back transaction.
[0m22:47:18.464572 [info ] [MainThread]:   Connection test: [[31mERROR[0m]

[0m22:47:18.465516 [info ] [MainThread]: [31m2 checks failed:[0m
[0m22:47:18.466322 [info ] [MainThread]: Project loading failed for the following reason:
 project path </home/melvin-sarabia/Downloads/Arzion/Playground/dbt-snow-flow/dbt_project.yml> not found

[0m22:47:18.467072 [info ] [MainThread]: dbt was unable to connect to the specified database.
The database returned the following error:

  >Database Error
  250003 (08001): 404 Not Found: post https://ge72088.snowflakecomputing.com:443/session/v1/login-request?request_id=04b4e3f5-19d2-438b-8f22-0af15a5551de&databaseName=dbt_db&schemaName=db_schema&warehouse=dbt_wh&roleName=dbt_role&request_guid=4641b312-e0c1-4988-bd00-5660be524c23

Check your database credentials and try again. For more information, visit:
https://docs.getdbt.com/docs/configure-your-profile


[0m22:47:18.469192 [debug] [MainThread]: Resource report: {"command_name": "debug", "command_success": false, "command_wall_clock_time": 1.9433805, "process_in_blocks": "0", "process_kernel_time": 0.252387, "process_mem_max_rss": "119540", "process_out_blocks": "24", "process_user_time": 2.869039}
[0m22:47:18.470535 [debug] [MainThread]: Command `dbt debug` failed at 22:47:18.470291 after 1.95 seconds
[0m22:47:18.471321 [debug] [MainThread]: Connection 'debug' was left open.
[0m22:47:18.472040 [debug] [MainThread]: On debug: No close available on handle
[0m22:47:18.472723 [debug] [MainThread]: Sending event: {'category': 'dbt', 'action': 'invocation', 'label': 'end', 'context': [<snowplow_tracker.self_describing_json.SelfDescribingJson object at 0x734519c51e20>, <snowplow_tracker.self_describing_json.SelfDescribingJson object at 0x734518374aa0>, <snowplow_tracker.self_describing_json.SelfDescribingJson object at 0x734517f07770>]}
[0m22:47:18.473582 [debug] [MainThread]: Flushing usage events
[0m22:47:19.787047 [debug] [MainThread]: An error was encountered while trying to flush usage events
[0m16:13:06.830640 [debug] [MainThread]: Sending event: {'category': 'dbt', 'action': 'invocation', 'label': 'start', 'context': [<snowplow_tracker.self_describing_json.SelfDescribingJson object at 0x7a2320231040>, <snowplow_tracker.self_describing_json.SelfDescribingJson object at 0x7a231e409160>, <snowplow_tracker.self_describing_json.SelfDescribingJson object at 0x7a231eab5130>]}


============================== 16:13:06.838352 | 9e8f3fd0-021e-4893-b505-c9269c0a3d47 ==============================
[0m16:13:06.838352 [info ] [MainThread]: Running with dbt=1.9.1
[0m16:13:06.839661 [debug] [MainThread]: running dbt with arguments {'printer_width': '80', 'indirect_selection': 'eager', 'log_cache_events': 'False', 'write_json': 'True', 'partial_parse': 'True', 'cache_selected_only': 'False', 'profiles_dir': '/home/melvin-sarabia/.dbt', 'debug': 'False', 'warn_error': 'None', 'log_path': 'logs', 'fail_fast': 'False', 'version_check': 'True', 'use_colors': 'True', 'use_experimental_parser': 'False', 'no_print': 'None', 'quiet': 'False', 'empty': 'False', 'log_format': 'default', 'invocation_command': 'dbt run -s staging_tpch_line_items', 'introspect': 'True', 'warn_error_options': 'WarnErrorOptions(include=[], exclude=[])', 'target_path': 'None', 'static_parser': 'True', 'send_anonymous_usage_stats': 'True'}
[0m16:13:06.840781 [error] [MainThread]: Encountered an error:
Runtime Error
  No dbt_project.yml found at expected path /home/melvin-sarabia/Downloads/Arzion/Playground/dbt-snow-flow/dbt_project.yml
  Verify that each entry within packages.yml (and their transitive dependencies) contains a file named dbt_project.yml
  
[0m16:13:06.843049 [debug] [MainThread]: Resource report: {"command_name": "run", "command_success": false, "command_wall_clock_time": 0.19103533, "process_in_blocks": "47048", "process_kernel_time": 0.282766, "process_mem_max_rss": "87512", "process_out_blocks": "8", "process_user_time": 2.327307}
[0m16:13:06.844362 [debug] [MainThread]: Command `dbt run` failed at 16:13:06.844100 after 0.19 seconds
[0m16:13:06.845331 [debug] [MainThread]: Sending event: {'category': 'dbt', 'action': 'invocation', 'label': 'end', 'context': [<snowplow_tracker.self_describing_json.SelfDescribingJson object at 0x7a231e9eaba0>, <snowplow_tracker.self_describing_json.SelfDescribingJson object at 0x7a231e319670>, <snowplow_tracker.self_describing_json.SelfDescribingJson object at 0x7a231e53e330>]}
[0m16:13:06.846278 [debug] [MainThread]: Flushing usage events
[0m16:13:08.344937 [debug] [MainThread]: An error was encountered while trying to flush usage events
[0m01:28:41.502156 [debug] [MainThread]: Sending event: {'category': 'dbt', 'action': 'invocation', 'label': 'start', 'context': [<snowplow_tracker.self_describing_json.SelfDescribingJson object at 0x7866a55568a0>, <snowplow_tracker.self_describing_json.SelfDescribingJson object at 0x7866a545cfb0>, <snowplow_tracker.self_describing_json.SelfDescribingJson object at 0x7866a55570b0>]}


============================== 01:28:41.536594 | e01fd3dc-600e-47ec-9262-670d1d9e6d41 ==============================
[0m01:28:41.536594 [info ] [MainThread]: Running with dbt=1.9.1
[0m01:28:41.537160 [debug] [MainThread]: running dbt with arguments {'printer_width': '80', 'indirect_selection': 'eager', 'write_json': 'True', 'log_cache_events': 'False', 'partial_parse': 'True', 'cache_selected_only': 'False', 'profiles_dir': '/home/melvin-sarabia/.dbt', 'fail_fast': 'False', 'warn_error': 'None', 'log_path': 'logs', 'debug': 'False', 'version_check': 'True', 'use_colors': 'True', 'use_experimental_parser': 'False', 'no_print': 'None', 'quiet': 'False', 'empty': 'False', 'warn_error_options': 'WarnErrorOptions(include=[], exclude=[])', 'invocation_command': 'dbt run', 'introspect': 'True', 'static_parser': 'True', 'target_path': 'None', 'log_format': 'default', 'send_anonymous_usage_stats': 'True'}
[0m01:28:41.537629 [error] [MainThread]: Encountered an error:
Runtime Error
  No dbt_project.yml found at expected path /home/melvin-sarabia/Downloads/Arzion/Playground/dbt-snow-flow/dbt_project.yml
  Verify that each entry within packages.yml (and their transitive dependencies) contains a file named dbt_project.yml
  
[0m01:28:41.538599 [debug] [MainThread]: Resource report: {"command_name": "run", "command_success": false, "command_wall_clock_time": 0.08451692, "process_in_blocks": "0", "process_kernel_time": 0.251572, "process_mem_max_rss": "111368", "process_out_blocks": "30304", "process_user_time": 2.647501}
[0m01:28:41.539164 [debug] [MainThread]: Command `dbt run` failed at 01:28:41.539077 after 0.09 seconds
[0m01:28:41.539536 [debug] [MainThread]: Sending event: {'category': 'dbt', 'action': 'invocation', 'label': 'end', 'context': [<snowplow_tracker.self_describing_json.SelfDescribingJson object at 0x7866a54c3770>, <snowplow_tracker.self_describing_json.SelfDescribingJson object at 0x7866a5086060>, <snowplow_tracker.self_describing_json.SelfDescribingJson object at 0x7866a545cfb0>]}
[0m01:28:41.539854 [debug] [MainThread]: Flushing usage events
[0m01:28:42.924601 [debug] [MainThread]: An error was encountered while trying to flush usage events
